node:events:490
      throw er; // Unhandled 'error' event
      ^

Error: listen EADDRINUSE: address already in use :::5001
    at Server.setupListenHandle [as _listen2] (node:net:1774:16)
    at listenInCluster (node:net:1822:12)
    at Server.listen (node:net:1910:7)
    at Function.listen (E:\save_game_app\savegame_server_api\node_modules\express\lib\application.js:635:24)
    at file:///E:/save_game_app/savegame_server_api/app.js:83:5
    at ModuleJob.run (node:internal/modules/esm/module_job:193:25)
Emitted 'error' event on Server instance at:
    at emitErrorNT (node:net:1801:8)
    at process.processTicksAndRejections (node:internal/process/task_queues:82:21) {
  code: 'EADDRINUSE',
  errno: -4091,
  syscall: 'listen',
  address: '::',
  port: 5001
}

Node.js v19.8.1
